2024-02-10 08:45:23 - INFO - Application started
2024-02-10 08:45:23 - INFO - API request received: GET /api/v1/endpoint
2024-02-10 08:46:11 - ERROR - Internal server error occurred: HTTP 500
2024-02-10 08:47:32 - INFO - API request received: POST /api/v1/endpoint with user_id=12345
2024-02-10 08:48:05 - WARNING - Deprecated endpoint accessed: /api/v1/deprecated
2024-02-10 08:48:05 - WARNING - Deprecated endpoint accessed: /api/v1/deprecated
2024-02-10 08:49:18 - INFO - User authentication successful: user_id=67890
2024-02-10 08:50:09 - ERROR - Exception occurred in processing: NullPointerException
2024-02-10 08:51:57 - INFO - API request received: GET /api/v1/endpoint
2024-02-10 08:52:41 - ERROR - Database connection failed: Connection timed out
2024-02-10 08:53:28 - INFO - API request received: POST /api/v1/endpoint with user_id=54321
2024-02-10 08:53:28 - INFO - API request received: POST /api/v1/endpoint with user_id=54321
2024-02-10 08:54:10 - INFO - Success response returned for request ID 12345
2024-02-10 08:54:10 - INFO - Success response returned for request ID 12345
2024-02-10 08:55:02 - INFO - API request received: POST /api/v1/endpoint with user_id=99999
2024-02-10 08:55:45 - INFO - Request processed successfully: GET /api/v1/endpoint
2024-02-10 08:56:29 - ERROR - File not found: /path/to/file.txt
2024-02-10 08:57:15 - INFO - API request received: POST /api/v1/endpoint with user_id=11111
2024-02-10 08:57:15 - INFO - API request received: POST /api/v1/endpoint with user_id=11111
2024-02-10 08:58:03 - INFO - Operation completed successfully: GET /api/v1/endpoint
2024-02-10 08:58:03 - INFO - Operation completed successfully: GET /api/v1/endpoint
2024-02-10 08:58:49 - ERROR - Unauthorized access attempted: API_KEY=123456789
2024-02-10 08:59:02 - INFO - API request received: POST /api/v1/endpoint with user_id=99999
2024-02-10 08:58:49 - ERROR - Unauthorized access attempted: API_KEY=123456789
2024-02-10 08:59:02 - INFO - API request received: POST /api/v1/endpoint with user_id=99999
2024-02-10 08:59:30 - INFO - API request received: POST /api/v1/endpoint with user_id=44444

2024-02-10 08:59:30 - INFO - API request received: POST /api/v1/endpoint with user_id=44444
2024-02-10 08:59:30 - ERROR - Server encountered an error: 500 Internal Server Error
2024-02-10 08:59:30 - ERROR - Server encountered an error: 500 Internal Server Error
